<?xml version="1.0" encoding="UTF-8"?>
<testng-results ignored="0" total="3" passed="3" failed="0" skipped="0">
  <reporter-output>
  </reporter-output>
  <suite started-at="2023-08-09T17:11:31 IST" name="LoginTestsSuite" finished-at="2023-08-09T17:12:35 IST" duration-ms="64710">
    <groups>
      <group name="positiveTests">
        <method signature="LoginTests.positiveLoginTest()[pri:1, instance:com.herokuapp.theinternet.LoginTests@4c371370]" name="positiveLoginTest" class="com.herokuapp.theinternet.LoginTests"/>
      </group> <!-- positiveTests -->
      <group name="smokeTests">
        <method signature="LoginTests.positiveLoginTest()[pri:1, instance:com.herokuapp.theinternet.LoginTests@4c371370]" name="positiveLoginTest" class="com.herokuapp.theinternet.LoginTests"/>
        <method signature="LoginTests.negativeLoginTest(java.lang.String,java.lang.String,java.lang.String)[pri:2, instance:com.herokuapp.theinternet.LoginTests@217ed35e]" name="negativeLoginTest" class="com.herokuapp.theinternet.LoginTests"/>
        <method signature="LoginTests.negativeLoginTest(java.lang.String,java.lang.String,java.lang.String)[pri:2, instance:com.herokuapp.theinternet.LoginTests@229f66ed]" name="negativeLoginTest" class="com.herokuapp.theinternet.LoginTests"/>
      </group> <!-- smokeTests -->
      <group name="negativeTests">
        <method signature="LoginTests.negativeLoginTest(java.lang.String,java.lang.String,java.lang.String)[pri:2, instance:com.herokuapp.theinternet.LoginTests@217ed35e]" name="negativeLoginTest" class="com.herokuapp.theinternet.LoginTests"/>
        <method signature="LoginTests.negativeLoginTest(java.lang.String,java.lang.String,java.lang.String)[pri:2, instance:com.herokuapp.theinternet.LoginTests@229f66ed]" name="negativeLoginTest" class="com.herokuapp.theinternet.LoginTests"/>
      </group> <!-- negativeTests -->
    </groups>
    <test started-at="2023-08-09T17:11:31 IST" name="PositiveTests" finished-at="2023-08-09T17:11:44 IST" duration-ms="12952">
      <class name="com.herokuapp.theinternet.LoginTests">
        <test-method is-config="true" signature="setUp()[pri:0, instance:com.herokuapp.theinternet.LoginTests@4c371370]" started-at="2023-08-09T17:11:31 IST" name="setUp" finished-at="2023-08-09T17:11:42 IST" duration-ms="10970" status="PASS">
          <reporter-output>
          </reporter-output>
        </test-method> <!-- setUp -->
        <test-method signature="positiveLoginTest()[pri:1, instance:com.herokuapp.theinternet.LoginTests@4c371370]" started-at="2023-08-09T17:11:42 IST" name="positiveLoginTest" finished-at="2023-08-09T17:11:43 IST" duration-ms="1447" status="PASS">
          <reporter-output>
          </reporter-output>
        </test-method> <!-- positiveLoginTest -->
        <test-method is-config="true" signature="tearDown()[pri:0, instance:com.herokuapp.theinternet.LoginTests@4c371370]" started-at="2023-08-09T17:11:43 IST" name="tearDown" finished-at="2023-08-09T17:11:44 IST" duration-ms="411" status="PASS">
          <reporter-output>
          </reporter-output>
        </test-method> <!-- tearDown -->
      </class> <!-- com.herokuapp.theinternet.LoginTests -->
    </test> <!-- PositiveTests -->
    <test started-at="2023-08-09T17:11:44 IST" name="NegativeUsernameTests" finished-at="2023-08-09T17:11:59 IST" duration-ms="15573">
      <class name="com.herokuapp.theinternet.LoginTests">
        <test-method is-config="true" signature="setUp()[pri:0, instance:com.herokuapp.theinternet.LoginTests@217ed35e]" started-at="2023-08-09T17:11:44 IST" name="setUp" finished-at="2023-08-09T17:11:57 IST" duration-ms="13347" status="PASS">
          <reporter-output>
          </reporter-output>
        </test-method> <!-- setUp -->
        <test-method signature="negativeLoginTest(java.lang.String,java.lang.String,java.lang.String)[pri:2, instance:com.herokuapp.theinternet.LoginTests@217ed35e]" started-at="2023-08-09T17:11:57 IST" name="negativeLoginTest" finished-at="2023-08-09T17:11:59 IST" duration-ms="1709" status="PASS">
          <params>
            <param index="0">
              <value>
                <![CDATA[incorrect]]>
              </value>
            </param>
            <param index="1">
              <value>
                <![CDATA[SuperSecretPassword!]]>
              </value>
            </param>
            <param index="2">
              <value>
                <![CDATA[Your username is invalid!]]>
              </value>
            </param>
          </params>
          <reporter-output>
          </reporter-output>
        </test-method> <!-- negativeLoginTest -->
        <test-method is-config="true" signature="tearDown()[pri:0, instance:com.herokuapp.theinternet.LoginTests@217ed35e]" started-at="2023-08-09T17:11:59 IST" name="tearDown" finished-at="2023-08-09T17:11:59 IST" duration-ms="509" status="PASS">
          <reporter-output>
          </reporter-output>
        </test-method> <!-- tearDown -->
      </class> <!-- com.herokuapp.theinternet.LoginTests -->
    </test> <!-- NegativeUsernameTests -->
    <test started-at="2023-08-09T17:11:59 IST" name="NegativePasswordTests" finished-at="2023-08-09T17:12:35 IST" duration-ms="36016">
      <class name="com.herokuapp.theinternet.LoginTests">
        <test-method is-config="true" signature="setUp()[pri:0, instance:com.herokuapp.theinternet.LoginTests@229f66ed]" started-at="2023-08-09T17:11:59 IST" name="setUp" finished-at="2023-08-09T17:12:27 IST" duration-ms="27693" status="PASS">
          <reporter-output>
          </reporter-output>
        </test-method> <!-- setUp -->
        <test-method signature="negativeLoginTest(java.lang.String,java.lang.String,java.lang.String)[pri:2, instance:com.herokuapp.theinternet.LoginTests@229f66ed]" started-at="2023-08-09T17:12:27 IST" name="negativeLoginTest" finished-at="2023-08-09T17:12:35 IST" duration-ms="7887" status="PASS">
          <params>
            <param index="0">
              <value>
                <![CDATA[tomsmith]]>
              </value>
            </param>
            <param index="1">
              <value>
                <![CDATA[incorrect]]>
              </value>
            </param>
            <param index="2">
              <value>
                <![CDATA[Your password is invalid!]]>
              </value>
            </param>
          </params>
          <reporter-output>
          </reporter-output>
        </test-method> <!-- negativeLoginTest -->
        <test-method is-config="true" signature="tearDown()[pri:0, instance:com.herokuapp.theinternet.LoginTests@229f66ed]" started-at="2023-08-09T17:12:35 IST" name="tearDown" finished-at="2023-08-09T17:12:35 IST" duration-ms="422" status="PASS">
          <reporter-output>
          </reporter-output>
        </test-method> <!-- tearDown -->
      </class> <!-- com.herokuapp.theinternet.LoginTests -->
    </test> <!-- NegativePasswordTests -->
  </suite> <!-- LoginTestsSuite -->
</testng-results>
